<?xml version="1.0" encoding="UTF-8"?>
<testsuite xmlns:xsi="http://www.w3.org/2001/XMLSchema-instance" xsi:noNamespaceSchemaLocation="https://maven.apache.org/surefire/maven-surefire-plugin/xsd/surefire-test-report-3.0.xsd" version="3.0" name="TestSuite" time="1.699" tests="9" errors="0" skipped="8" failures="1">
  <properties>
[...]
</properties>
  <testcase name="beforeSuit" classname="runner.TestRunner" time="1.376">
    <failure message="Could not start a new session. Possible causes are invalid address of the remote server or browser start-up failure.&#10;Build info: version: &apos;4.0.0-alpha-6&apos;, revision: &apos;5f43a29cfc&apos;&#10;System info: host: &apos;Nitin-Kumar&apos;, ip: &apos;fe80:0:0:0:1023:6955:bd46:1d86%en0&apos;, os.name: &apos;Mac OS X&apos;, os.arch: &apos;x86_64&apos;, os.version: &apos;10.15.7&apos;, java.version: &apos;1.8.0_221&apos;&#10;Driver info: driver.version: RemoteWebDriver" type="org.openqa.selenium.remote.UnreachableBrowserException"><![CDATA[org.openqa.selenium.remote.UnreachableBrowserException: 
Could not start a new session. Possible causes are invalid address of the remote server or browser start-up failure.
Build info: version: '4.0.0-alpha-6', revision: '5f43a29cfc'
System info: host: 'Nitin-Kumar', ip: 'fe80:0:0:0:1023:6955:bd46:1d86%en0', os.name: 'Mac OS X', os.arch: 'x86_64', os.version: '10.15.7', java.version: '1.8.0_221'
Driver info: driver.version: RemoteWebDriver
	at runner.TestRunner.beforeSuit(TestRunner.java:76)
Caused by: java.io.UncheckedIOException: java.net.ConnectException: Connection refused: localhost/0:0:0:0:0:0:0:1:4444
	at runner.TestRunner.beforeSuit(TestRunner.java:76)
Caused by: java.net.ConnectException: Connection refused: localhost/0:0:0:0:0:0:0:1:4444
Caused by: io.netty.channel.AbstractChannel$AnnotatedConnectException: Connection refused: localhost/0:0:0:0:0:0:0:1:4444
Caused by: java.net.ConnectException: Connection refused
]]></failure>
    <system-out><![CDATA[From testNG before suit
]]></system-out>
    <system-err><![CDATA[SLF4J: Failed to load class "org.slf4j.impl.StaticLoggerBinder".
SLF4J: Defaulting to no-operation (NOP) logger implementation
SLF4J: See http://www.slf4j.org/codes.html#StaticLoggerBinder for further details.
]]></system-err>
  </testcase>
  <testcase name="beforeTest" classname="runner.TestRunner" time="0">
    <skipped/>
    <system-out><![CDATA[onStart
]]></system-out>
  </testcase>
  <testcase name="setupClass" classname="runner.TestRunner" time="0">
    <skipped/>
  </testcase>
  <testcase name="beforeMethod" classname="runner.TestRunner" time="0">
    <skipped/>
  </testcase>
  <testcase name="runScenario" classname="runner.TestRunner" time="0">
    <skipped message="Could not start a new session. Possible causes are invalid address of the remote server or browser start-up failure.&#10;Build info: version: &apos;4.0.0-alpha-6&apos;, revision: &apos;5f43a29cfc&apos;&#10;System info: host: &apos;Nitin-Kumar&apos;, ip: &apos;fe80:0:0:0:1023:6955:bd46:1d86%en0&apos;, os.name: &apos;Mac OS X&apos;, os.arch: &apos;x86_64&apos;, os.version: &apos;10.15.7&apos;, java.version: &apos;1.8.0_221&apos;&#10;Driver info: driver.version: RemoteWebDriver"/>
  </testcase>
  <testcase name="afterMethod" classname="runner.TestRunner" time="0">
    <skipped/>
    <system-out><![CDATA[onTestSkipped
]]></system-out>
  </testcase>
  <testcase name="afterClass" classname="runner.TestRunner" time="0">
    <skipped/>
  </testcase>
  <testcase name="afterTest" classname="runner.TestRunner" time="0">
    <skipped/>
    <system-out><![CDATA[
0 Scenarios
0 Steps
0m0.014s


]]></system-out>
  </testcase>
  <testcase name="afterSuit" classname="runner.TestRunner" time="0">
    <skipped/>
    <system-out><![CDATA[onFinish
]]></system-out>
  </testcase>
</testsuite>